<?xml version="1.0" encoding="UTF-8"?>
<!-- Generated by org.testng.reporters.JUnitReportReporter -->
<testsuite skipped="0" hostname="ATMECSINLT-085" name="com.atmecs.assesment_dbmanagement.testbase.TestNGPrallel" tests="1" failures="0" timestamp="14 Nov 2019 14:11:16 GMT" time="59.234" errors="0">
  <testcase name="xmlsuite" time="59.234" classname="com.atmecs.assesment_dbmanagement.testbase.TestNGPrallel"/>
</testsuite> <!-- com.atmecs.assesment_dbmanagement.testbase.TestNGPrallel -->
