<?xml version="1.0" encoding="UTF-8"?>
<!-- Generated by org.testng.reporters.JUnitReportReporter -->
<testsuite skipped="0" hostname="ATMECSINLT-085" name="com.atmecs.assesment_dbmanagement.testscripts.TestVerifyHeatClinic" tests="1" failures="0" timestamp="14 Nov 2019 14:33:21 GMT" time="14.837" errors="0">
  <testcase name="verifyHeatClinic" time="14.837" classname="com.atmecs.assesment_dbmanagement.testscripts.TestVerifyHeatClinic"/>
</testsuite> <!-- com.atmecs.assesment_dbmanagement.testscripts.TestVerifyHeatClinic -->
