<?xml version="1.0" encoding="UTF-8"?>
<!-- Generated by org.testng.reporters.JUnitReportReporter -->
<testsuite skipped="0" hostname="ATMECSINLT-085" name="com.atmecs.assesment_dbmanagement.testbase.TestNGPrallel" tests="1" failures="0" timestamp="14 Nov 2019 14:33:21 GMT" time="74.600" errors="0">
  <testcase name="xmlsuite" time="74.600" classname="com.atmecs.assesment_dbmanagement.testbase.TestNGPrallel"/>
</testsuite> <!-- com.atmecs.assesment_dbmanagement.testbase.TestNGPrallel -->
